\BOOKMARK [0][-]{chapter.1}{Introduction}{}% 1
\BOOKMARK [1][-]{section.1.1}{Install Cloud Foundry CLI}{chapter.1}% 2
\BOOKMARK [1][-]{section.1.2}{}{chapter.1}% 3
\BOOKMARK [2][-]{subsection.1.2.1}{Docker user}{section.1.2}% 4
\BOOKMARK [0][-]{chapter.2}{Docker Files}{}% 5
\BOOKMARK [1][-]{section.2.1}{The FROM instruction}{chapter.2}% 6
\BOOKMARK [1][-]{section.2.2}{The RUN Instruction}{chapter.2}% 7
\BOOKMARK [0][-]{chapter.3}{Bluemix Runtimes}{}% 8
\BOOKMARK [1][-]{section.3.1}{Java Liberty}{chapter.3}% 9
\BOOKMARK [1][-]{section.3.2}{SDK for Node.js}{chapter.3}% 10
\BOOKMARK [1][-]{section.3.3}{Go Community}{chapter.3}% 11
\BOOKMARK [1][-]{section.3.4}{PHP Community}{chapter.3}% 12
\BOOKMARK [1][-]{section.3.5}{Python Community}{chapter.3}% 13
\BOOKMARK [1][-]{section.3.6}{Ruby Community}{chapter.3}% 14
\BOOKMARK [1][-]{section.3.7}{Community builpacks Community}{chapter.3}% 15
\BOOKMARK [0][-]{chapter.4}{Boilerplate}{}% 16
\BOOKMARK [1][-]{section.4.1}{Internet of Things Foundation Starter}{chapter.4}% 17
\BOOKMARK [2][-]{subsection.4.1.1}{Usage}{section.4.1}% 18
\BOOKMARK [2][-]{subsection.4.1.2}{Set up the simulated device}{section.4.1}% 19
\BOOKMARK [2][-]{subsection.4.1.3}{Modifying the sample flow}{section.4.1}% 20
\BOOKMARK [2][-]{subsection.4.1.4}{Using your own devices}{section.4.1}% 21
\BOOKMARK [2][-]{subsection.4.1.5}{Securing the flow editor}{section.4.1}% 22
\BOOKMARK [2][-]{subsection.4.1.6}{Adding nodes and packages to Node-RED in IBM Bluemix}{section.4.1}% 23
\BOOKMARK [1][-]{section.4.2}{Node-RED}{chapter.4}% 24
